DEBUG: {"stream"=>"Step 1 : FROM alpine:3.2\n"}
DEBUG: {"stream"=>" ---> 8a648f689ddb\n"}
DEBUG: {"stream"=>"Step 2 : MAINTAINER John Doe \"john.doe@example.com\"\n"}
DEBUG: {"stream"=>" ---> Using cache\n"}
DEBUG: {"stream"=>" ---> 5f9165341e19\n"}
DEBUG: {"stream"=>"Step 3 : LABEL testing docker serverspec true description \"My Container\"\n"}
DEBUG: {"stream"=>" ---> Using cache\n"}
DEBUG: {"stream"=>" ---> 6a59f8f91f8e\n"}
DEBUG: {"stream"=>"Step 4 : ARG user1\n"}
DEBUG: {"stream"=>" ---> Using cache\n"}
DEBUG: {"stream"=>" ---> 76eb5930661e\n"}
DEBUG: {"stream"=>"Step 5 : ARG buildno=1\n"}
DEBUG: {"stream"=>" ---> Using cache\n"}
DEBUG: {"stream"=>" ---> d58474a01a47\n"}
DEBUG: {"stream"=>"Step 6 : ENV PATH /usr/sbin:/usr/bin:/sbin:/bin\n"}
DEBUG: {"stream"=>" ---> Using cache\n"}
DEBUG: {"stream"=>" ---> 3a9d1d762160\n"}
DEBUG: {"stream"=>"Step 7 : ENV container docker CRACKER \"RANDOM;PATH=/tmp/bin:/sbin:/bin\"\n"}
DEBUG: {"stream"=>" ---> Using cache\n"}
DEBUG: {"stream"=>" ---> e60c6c5086dc\n"}
DEBUG: {"stream"=>"Step 8 : WORKDIR /opt\n"}
DEBUG: {"stream"=>" ---> Using cache\n"}
DEBUG: {"stream"=>" ---> 0b13877e30fd\n"}
DEBUG: {"stream"=>"Step 9 : USER nobody\n"}
DEBUG: {"stream"=>" ---> Using cache\n"}
DEBUG: {"stream"=>" ---> ab2d54d0d38b\n"}
DEBUG: {"stream"=>"Step 10 : EXPOSE 80\n"}
DEBUG: {"stream"=>" ---> Using cache\n"}
DEBUG: {"stream"=>" ---> b366dd3655b5\n"}
DEBUG: {"stream"=>"Step 11 : VOLUME /volume1 /volume2\n"}
DEBUG: {"stream"=>" ---> Using cache\n"}
DEBUG: {"stream"=>" ---> 404a1bb7f8fb\n"}
DEBUG: {"stream"=>"Step 12 : ADD files/file_example1 /tmp/file_example1\n"}
DEBUG: {"stream"=>" ---> Using cache\n"}
DEBUG: {"stream"=>" ---> 1adaa22ff122\n"}
DEBUG: {"stream"=>"Step 13 : COPY files/file_example2 /tmp/file_example2\n"}
DEBUG: {"stream"=>" ---> Using cache\n"}
DEBUG: {"stream"=>" ---> 8b7d06069d28\n"}
DEBUG: {"stream"=>"Step 14 : RUN echo running\n"}
DEBUG: {"stream"=>" ---> Using cache\n"}
DEBUG: {"stream"=>" ---> a17bb5cae01f\n"}
DEBUG: {"stream"=>"Step 15 : ENTRYPOINT sleep\n"}
DEBUG: {"stream"=>" ---> Using cache\n"}
DEBUG: {"stream"=>" ---> 75543dd134b5\n"}
DEBUG: {"stream"=>"Step 16 : CMD 2 2000\n"}
DEBUG: {"stream"=>" ---> Using cache\n"}
DEBUG: {"stream"=>" ---> f51af107826c\n"}
DEBUG: {"stream"=>"Step 17 : ONBUILD run echo onbuild\n"}
DEBUG: {"stream"=>" ---> Using cache\n"}
DEBUG: {"stream"=>" ---> e14e4bcfd68d\n"}
DEBUG: {"stream"=>"Step 18 : STOPSIGNAL SIGTERM\n"}
DEBUG: {"stream"=>" ---> Using cache\n"}
DEBUG: {"stream"=>" ---> 1ba63da849d9\n"}
DEBUG: {"stream"=>"Successfully built 1ba63da849d9\n"}
DEBUG: {"stream"=>"Step 1 : FROM alpine:3.2\n"}
DEBUG: {"stream"=>" ---> 8a648f689ddb\n"}
DEBUG: {"stream"=>"Successfully built 8a648f689ddb\n"}
DEBUG: {"stream"=>"Step 1 : FROM nginx:1.9\n"}
DEBUG: {"stream"=>" ---> 198a73cfd686\n"}
DEBUG: {"stream"=>"Successfully built 198a73cfd686\n"}
DEBUG: {"stream"=>"Step 1 : FROM alpine:3.2\n"}
DEBUG: {"stream"=>" ---> 8a648f689ddb\n"}
DEBUG: {"stream"=>"Successfully built 8a648f689ddb\n"}
